<?xml version="1.0" encoding="UTF-8"?>
<!-- Generated by org.testng.reporters.JUnitReportReporter -->
<testsuite hostname="DESKTOP-T2COU3K" failures="0" tests="2" name="getRequest.GetData" time="1.296" errors="0" timestamp="2021-11-01T21:02:23 GMT" skipped="0">
  <testcase classname="getRequest.GetData" name="getBody" time="1.140"/>
  <system-out/>
  <testcase classname="getRequest.GetData" name="testHttpCode" time="0.156"/>
  <system-out/>
</testsuite> <!-- getRequest.GetData -->
